Arguments: 
  /home/mosi/.nvm/versions/node/v16.14.2/bin/node /home/mosi/.nvm/versions/node/v16.14.2/bin/yarn

PATH: 
  /home/mosi/.nvm/versions/node/v16.14.2/bin:/usr/local/sbin:/usr/local/bin:/usr/sbin:/usr/bin:/sbin:/bin:/usr/games:/usr/local/games:/snap/bin:/snap/bin

Yarn version: 
  1.22.18

Node version: 
  16.14.2

Platform: 
  linux x64

Trace: 
  Error: connect ECONNREFUSED 85.10.207.52:443
      at TCPConnectWrap.afterConnect [as oncomplete] (node:net:1157:16)

npm manifest: 
  {
    "name": "react-typescript",
    "version": "1.0.0",
    "description": "React and TypeScript example starter project",
    "keywords": [
      "typescript",
      "react",
      "starter"
    ],
    "main": "src/index.tsx",
    "dependencies": {
      "react": "17.0.2",
      "react-dom": "17.0.2",
      "react-scripts": "4.0.3"
    },
    "devDependencies": {
      "@types/react": "17.0.20",
      "@types/react-dom": "17.0.9",
      "typescript": "4.4.2"
    },
    "scripts": {
      "start": "react-scripts start",
      "build": "react-scripts build",
      "test": "react-scripts test --env=jsdom",
      "eject": "react-scripts eject"
    },
    "browserslist": [
      ">0.2%",
      "not dead",
      "not ie <= 11",
      "not op_mini all"
    ]
  }

yarn manifest: 
  No manifest

Lockfile: 
  No lockfile
